#
# There is insufficient memory for the Java Runtime Environment to continue.
# Native memory allocation (malloc) failed to allocate 32744 bytes for ChunkPool::allocate
# Possible reasons:
#   The system is out of physical RAM or swap space
#   The process is running with CompressedOops enabled, and the Java Heap may be blocking the growth of the native heap
# Possible solutions:
#   Reduce memory load on the system
#   Increase physical memory or swap space
#   Check if swap backing store is full
#   Decrease Java heap size (-Xmx/-Xms)
#   Decrease number of Java threads
#   Decrease Java thread stack sizes (-Xss)
#   Set larger code cache with -XX:ReservedCodeCacheSize=
#   JVM is running with Unscaled Compressed Oops mode in which the Java heap is
#     placed in the first 4GB address space. The Java Heap base address is the
#     maximum limit for the native heap growth. Please use -XX:HeapBaseMinAddress
#     to set the Java Heap base and to place the Java Heap above 4GB virtual address.
# This output file may be truncated or incomplete.
#
#  Out of Memory Error (allocation.cpp:272), pid=3796, tid=0x00000000000035a4
#
# JRE version: OpenJDK Runtime Environment (8.0_242-b01) (build 1.8.0_242-release-1644-b01)
# Java VM: OpenJDK 64-Bit Server VM (25.242-b01 mixed mode windows-amd64 compressed oops)
# Failed to write core dump. Minidumps are not enabled by default on client versions of Windows
#

---------------  T H R E A D  ---------------

Current thread (0x0000000017da4800):  JavaThread "C2 CompilerThread0" daemon [_thread_in_native, id=13732, stack(0x0000000019400000,0x0000000019500000)]

Stack: [0x0000000019400000,0x0000000019500000]
[error occurred during error reporting (printing stack bounds), id 0xc0000005]

Native frames: (J=compiled Java code, j=interpreted, Vv=VM code, C=native code)


Current CompileTask:
C2:1200809 24205       4       com.android.tools.r8.code.v1::a (4137 bytes)


---------------  P R O C E S S  ---------------

Java Threads: ( => current thread )
  0x000000001f875800 JavaThread "ForkJoinPool-6-worker-0" daemon [_thread_in_Java, id=9500, stack(0x000000002eef0000,0x000000002eff0000)]
  0x000000001f875000 JavaThread "ForkJoinPool-6-worker-3" daemon [_thread_blocked, id=8704, stack(0x000000002d030000,0x000000002d130000)]
  0x000000001f874000 JavaThread "ForkJoinPool-6-worker-2" daemon [_thread_in_Java, id=7804, stack(0x000000001cbe0000,0x000000001cce0000)]
  0x000000001f873800 JavaThread "ForkJoinPool-6-worker-1" daemon [_thread_in_Java, id=13576, stack(0x000000001cae0000,0x000000001cbe0000)]
  0x000000001f872000 JavaThread "stdout" [_thread_in_native, id=13492, stack(0x000000002e390000,0x000000002e490000)]
  0x000000001f86a800 JavaThread "stderr" [_thread_in_native, id=9012, stack(0x000000002e290000,0x000000002e390000)]
  0x000000001f871000 JavaThread "stdout" [_thread_in_native, id=12320, stack(0x000000002e190000,0x000000002e290000)]
  0x000000001f86f800 JavaThread "stderr" [_thread_in_native, id=1308, stack(0x000000002e090000,0x000000002e190000)]
  0x000000001f86f000 JavaThread "stdout" [_thread_in_native, id=2044, stack(0x000000002df90000,0x000000002e090000)]
  0x000000001f869800 JavaThread "stderr" [_thread_in_native, id=7116, stack(0x000000002de90000,0x000000002df90000)]
  0x000000001f870800 JavaThread "pool-12-thread-1" [_thread_blocked, id=228, stack(0x000000002dd90000,0x000000002de90000)]
  0x000000001f86e000 JavaThread "WorkerExecutor Queue Thread 4" [_thread_blocked, id=980, stack(0x000000002cf30000,0x000000002d030000)]
  0x000000001f869000 JavaThread "WorkerExecutor Queue Thread 3" [_thread_blocked, id=9600, stack(0x000000002ce30000,0x000000002cf30000)]
  0x000000001f86c000 JavaThread "WorkerExecutor Queue Thread 2" [_thread_blocked, id=2312, stack(0x000000002cb30000,0x000000002cc30000)]
  0x000000001f866800 JavaThread "WorkerExecutor Queue" [_thread_blocked, id=7532, stack(0x000000002ca30000,0x000000002cb30000)]
  0x000000001f86b000 JavaThread "Cache worker for execution history cache (C:\Users\izzud\AndroidStudioProjects\LekDarjoApp\.gradle\6.5\executionHistory)" [_thread_blocked, id=14112, stack(0x000000002b700000,0x000000002b800000)]
  0x000000001f86d800 JavaThread "Execution worker for ':' Thread 3" [_thread_blocked, id=9780, stack(0x000000002b200000,0x000000002b300000)]
  0x000000001f86c800 JavaThread "Execution worker for ':' Thread 2" [_thread_blocked, id=7944, stack(0x000000002add0000,0x000000002aed0000)]
  0x000000001f867800 JavaThread "Execution worker for ':'" [_thread_blocked, id=8712, stack(0x0000000029ca0000,0x0000000029da0000)]
  0x000000001f868000 JavaThread "Cache worker for file content cache (C:\Users\izzud\AndroidStudioProjects\LekDarjoApp\.gradle\6.5\fileContent)" [_thread_blocked, id=10428, stack(0x0000000029ba0000,0x0000000029ca0000)]
  0x000000001e496800 JavaThread "Cache worker for Build Output Cleanup Cache (C:\Users\izzud\AndroidStudioProjects\LekDarjoApp\.gradle\buildOutputCleanup)" [_thread_blocked, id=8648, stack(0x0000000029820000,0x0000000029920000)]
  0x000000001e495800 JavaThread "jar transforms Thread 220" [_thread_blocked, id=13132, stack(0x0000000029720000,0x0000000029820000)]
  0x000000001e493800 JavaThread "jar transforms Thread 219" [_thread_blocked, id=10372, stack(0x0000000029620000,0x0000000029720000)]
  0x000000001e495000 JavaThread "jar transforms Thread 218" [_thread_blocked, id=11964, stack(0x0000000029520000,0x0000000029620000)]
  0x000000001e492800 JavaThread "jar transforms Thread 217" [_thread_blocked, id=12060, stack(0x0000000029420000,0x0000000029520000)]
  0x000000001e494000 JavaThread "jar transforms Thread 216" [_thread_blocked, id=12200, stack(0x0000000029320000,0x0000000029420000)]
  0x000000001e492000 JavaThread "jar transforms Thread 215" [_thread_blocked, id=4788, stack(0x0000000029220000,0x0000000029320000)]
  0x000000001e48a800 JavaThread "jar transforms Thread 214" [_thread_blocked, id=14848, stack(0x0000000029120000,0x0000000029220000)]
  0x000000001e491000 JavaThread "jar transforms Thread 213" [_thread_blocked, id=524, stack(0x0000000029020000,0x0000000029120000)]
  0x000000001e489800 JavaThread "jar transforms Thread 212" [_thread_blocked, id=14072, stack(0x0000000028f20000,0x0000000029020000)]
  0x000000001e48b000 JavaThread "jar transforms Thread 211" [_thread_blocked, id=13276, stack(0x0000000028e20000,0x0000000028f20000)]
  0x000000001e490800 JavaThread "jar transforms Thread 210" [_thread_blocked, id=10388, stack(0x0000000028d20000,0x0000000028e20000)]
  0x000000001e48f800 JavaThread "jar transforms Thread 209" [_thread_blocked, id=7768, stack(0x0000000028c20000,0x0000000028d20000)]
  0x000000001e488000 JavaThread "jar transforms Thread 208" [_thread_blocked, id=14368, stack(0x0000000028b20000,0x0000000028c20000)]
  0x000000001e48f000 JavaThread "jar transforms Thread 207" [_thread_blocked, id=15276, stack(0x0000000028a20000,0x0000000028b20000)]
  0x000000001e487800 JavaThread "jar transforms Thread 206" [_thread_blocked, id=14328, stack(0x0000000028920000,0x0000000028a20000)]
  0x000000001e48c000 JavaThread "jar transforms Thread 205" [_thread_blocked, id=9352, stack(0x0000000028820000,0x0000000028920000)]
  0x000000001e48e000 JavaThread "jar transforms Thread 204" [_thread_blocked, id=12188, stack(0x0000000028720000,0x0000000028820000)]
  0x000000001e48d800 JavaThread "jar transforms Thread 203" [_thread_blocked, id=8324, stack(0x0000000028620000,0x0000000028720000)]
  0x000000001e48c800 JavaThread "jar transforms Thread 202" [_thread_blocked, id=6900, stack(0x0000000028520000,0x0000000028620000)]
  0x000000001e489000 JavaThread "jar transforms Thread 201" [_thread_blocked, id=1388, stack(0x0000000028420000,0x0000000028520000)]
  0x000000001ba20000 JavaThread "jar transforms Thread 200" [_thread_blocked, id=12668, stack(0x0000000028320000,0x0000000028420000)]
  0x000000001ba1f000 JavaThread "jar transforms Thread 199" [_thread_blocked, id=7684, stack(0x0000000028220000,0x0000000028320000)]
  0x000000001ba1e800 JavaThread "jar transforms Thread 198" [_thread_blocked, id=12876, stack(0x0000000028120000,0x0000000028220000)]
  0x000000001ba1a800 JavaThread "jar transforms Thread 197" [_thread_blocked, id=1380, stack(0x0000000028020000,0x0000000028120000)]
  0x000000001f0bf000 JavaThread "jar transforms Thread 196" [_thread_blocked, id=10992, stack(0x0000000027f20000,0x0000000028020000)]
  0x000000001f0bd800 JavaThread "jar transforms Thread 195" [_thread_blocked, id=10144, stack(0x0000000027e20000,0x0000000027f20000)]
  0x000000001f0be000 JavaThread "jar transforms Thread 194" [_thread_blocked, id=12192, stack(0x0000000027d20000,0x0000000027e20000)]
  0x000000001f0bc800 JavaThread "jar transforms Thread 193" [_thread_blocked, id=11452, stack(0x0000000027c20000,0x0000000027d20000)]
  0x000000001f0bb800 JavaThread "jar transforms Thread 192" [_thread_blocked, id=10816, stack(0x0000000027b20000,0x0000000027c20000)]
  0x000000001f0bb000 JavaThread "jar transforms Thread 191" [_thread_blocked, id=13972, stack(0x0000000027a20000,0x0000000027b20000)]
  0x000000001f0b3800 JavaThread "jar transforms Thread 190" [_thread_blocked, id=9448, stack(0x0000000027920000,0x0000000027a20000)]
  0x000000001f0ba000 JavaThread "jar transforms Thread 189" [_thread_blocked, id=12956, stack(0x0000000027820000,0x0000000027920000)]
  0x000000001f0b2800 JavaThread "jar transforms Thread 188" [_thread_blocked, id=8052, stack(0x0000000027720000,0x0000000027820000)]
  0x000000001f0b8800 JavaThread "jar transforms Thread 187" [_thread_blocked, id=14864, stack(0x0000000027620000,0x0000000027720000)]
  0x000000001f0b2000 JavaThread "jar transforms Thread 186" [_thread_blocked, id=15336, stack(0x0000000027520000,0x0000000027620000)]
  0x000000001f0b0800 JavaThread "jar transforms Thread 185" [_thread_blocked, id=8060, stack(0x0000000027420000,0x0000000027520000)]
  0x000000001f0b1000 JavaThread "jar transforms Thread 184" [_thread_blocked, id=2596, stack(0x0000000027320000,0x0000000027420000)]
  0x0000000020d65800 JavaThread "jar transforms Thread 183" [_thread_blocked, id=7272, stack(0x0000000027220000,0x0000000027320000)]
  0x0000000020d65000 JavaThread "jar transforms Thread 182" [_thread_blocked, id=12132, stack(0x0000000027120000,0x0000000027220000)]
  0x0000000020d6b800 JavaThread "jar transforms Thread 181" [_thread_blocked, id=4840, stack(0x0000000027020000,0x0000000027120000)]
  0x0000000020d6a000 JavaThread "jar transforms Thread 180" [_thread_blocked, id=4072, stack(0x0000000026f20000,0x0000000027020000)]
  0x0000000020d68800 JavaThread "jar transforms Thread 179" [_thread_blocked, id=4656, stack(0x0000000026e20000,0x0000000026f20000)]
  0x0000000020d67000 JavaThread "jar transforms Thread 178" [_thread_blocked, id=13500, stack(0x0000000026d20000,0x0000000026e20000)]
  0x0000000020d69800 JavaThread "jar transforms Thread 177" [_thread_blocked, id=13048, stack(0x0000000026c20000,0x0000000026d20000)]
  0x0000000020d5d800 JavaThread "jar transforms Thread 176" [_thread_blocked, id=13208, stack(0x0000000026b20000,0x0000000026c20000)]
  0x0000000020d5f000 JavaThread "jar transforms Thread 175" [_thread_blocked, id=6668, stack(0x0000000026a20000,0x0000000026b20000)]
  0x0000000020d61000 JavaThread "jar transforms Thread 174" [_thread_blocked, id=1960, stack(0x0000000026920000,0x0000000026a20000)]
  0x0000000020d62800 JavaThread "jar transforms Thread 173" [_thread_blocked, id=15272, stack(0x0000000026820000,0x0000000026920000)]
  0x0000000020d62000 JavaThread "jar transforms Thread 172" [_thread_blocked, id=2184, stack(0x0000000026720000,0x0000000026820000)]
  0x0000000020d60800 JavaThread "jar transforms Thread 171" [_thread_blocked, id=11832, stack(0x0000000026620000,0x0000000026720000)]
  0x0000000020d63800 JavaThread "jar transforms Thread 170" [_thread_blocked, id=9408, stack(0x0000000026520000,0x0000000026620000)]
  0x000000002077c800 JavaThread "jar transforms Thread 169" [_thread_blocked, id=10560, stack(0x0000000026420000,0x0000000026520000)]
  0x000000002077b000 JavaThread "jar transforms Thread 168" [_thread_blocked, id=1288, stack(0x0000000026320000,0x0000000026420000)]
  0x000000002077a800 JavaThread "jar transforms Thread 167" [_thread_blocked, id=13816, stack(0x0000000026220000,0x0000000026320000)]
  0x0000000020779800 JavaThread "jar transforms Thread 166" [_thread_blocked, id=10648, stack(0x0000000026120000,0x0000000026220000)]
  0x000000002077c000 JavaThread "jar transforms Thread 165" [_thread_blocked, id=12564, stack(0x0000000026020000,0x0000000026120000)]
  0x000000002077d800 JavaThread "jar transforms Thread 164" [_thread_blocked, id=8104, stack(0x0000000025f20000,0x0000000026020000)]
  0x0000000020779000 JavaThread "jar transforms Thread 163" [_thread_blocked, id=11384, stack(0x0000000025e20000,0x0000000025f20000)]
  0x0000000020778000 JavaThread "jar transforms Thread 162" [_thread_blocked, id=3212, stack(0x0000000025d20000,0x0000000025e20000)]
  0x0000000020777800 JavaThread "jar transforms Thread 161" [_thread_blocked, id=2988, stack(0x0000000025c20000,0x0000000025d20000)]
  0x0000000020770000 JavaThread "jar transforms Thread 160" [_thread_blocked, id=12940, stack(0x0000000025b20000,0x0000000025c20000)]
  0x0000000020776800 JavaThread "jar transforms Thread 159" [_thread_blocked, id=3792, stack(0x0000000025a20000,0x0000000025b20000)]
  0x0000000020776000 JavaThread "jar transforms Thread 158" [_thread_blocked, id=2692, stack(0x0000000025920000,0x0000000025a20000)]
  0x000000002076e800 JavaThread "jar transforms Thread 157" [_thread_blocked, id=12768, stack(0x0000000025820000,0x0000000025920000)]
  0x0000000020775000 JavaThread "jar transforms Thread 156" [_thread_blocked, id=8328, stack(0x0000000025720000,0x0000000025820000)]
  0x0000000020770800 JavaThread "jar transforms Thread 155" [_thread_blocked, id=14972, stack(0x0000000025620000,0x0000000025720000)]
  0x0000000020773800 JavaThread "jar transforms Thread 154" [_thread_blocked, id=11248, stack(0x0000000025520000,0x0000000025620000)]
  0x000000001abc8800 JavaThread "jar transforms Thread 153" [_thread_blocked, id=1492, stack(0x0000000025420000,0x0000000025520000)]
  0x000000001abce800 JavaThread "jar transforms Thread 152" [_thread_blocked, id=11080, stack(0x0000000025320000,0x0000000025420000)]
  0x000000001abce000 JavaThread "jar transforms Thread 151" [_thread_blocked, id=13896, stack(0x0000000025220000,0x0000000025320000)]
  0x000000001abcc800 JavaThread "jar transforms Thread 150" [_thread_blocked, id=12196, stack(0x0000000025120000,0x0000000025220000)]
  0x000000001abcb800 JavaThread "jar transforms Thread 149" [_thread_blocked, id=13540, stack(0x0000000025020000,0x0000000025120000)]
  0x000000001abcf800 JavaThread "jar transforms Thread 148" [_thread_blocked, id=2572, stack(0x0000000024f20000,0x0000000025020000)]
  0x000000001abcb000 JavaThread "jar transforms Thread 147" [_thread_blocked, id=1612, stack(0x0000000024e20000,0x0000000024f20000)]
  0x000000001abc1000 JavaThread "jar transforms Thread 146" [_thread_blocked, id=12800, stack(0x0000000024d20000,0x0000000024e20000)]
  0x000000001abc8000 JavaThread "jar transforms Thread 145" [_thread_blocked, id=2580, stack(0x0000000024c20000,0x0000000024d20000)]
  0x000000001abc3800 JavaThread "jar transforms Thread 144" [_thread_blocked, id=12068, stack(0x0000000024b20000,0x0000000024c20000)]
  0x000000001abc0800 JavaThread "jar transforms Thread 143" [_thread_blocked, id=10448, stack(0x0000000024a20000,0x0000000024b20000)]
  0x000000001abc6800 JavaThread "jar transforms Thread 142" [_thread_blocked, id=14032, stack(0x0000000024920000,0x0000000024a20000)]
  0x000000001abc5800 JavaThread "jar transforms Thread 141" [_thread_blocked, id=11212, stack(0x0000000024820000,0x0000000024920000)]
  0x000000001abc4000 JavaThread "jar transforms Thread 140" [_thread_blocked, id=13936, stack(0x0000000024720000,0x0000000024820000)]
  0x000000001abc2000 JavaThread "jar transforms Thread 139" [_thread_blocked, id=14344, stack(0x0000000024620000,0x0000000024720000)]
  0x000000001abc7000 JavaThread "jar transforms Thread 138" [_thread_blocked, id=12988, stack(0x0000000024520000,0x0000000024620000)]
  0x000000001abc5000 JavaThread "jar transforms Thread 137" [_thread_blocked, id=13352, stack(0x0000000024420000,0x0000000024520000)]
  0x000000001abc2800 JavaThread "jar transforms Thread 136" [_thread_blocked, id=6388, stack(0x0000000024320000,0x0000000024420000)]
  0x000000002bc54000 JavaThread "jar transforms Thread 135" [_thread_blocked, id=6348, stack(0x0000000024220000,0x0000000024320000)]
  0x000000002bc53000 JavaThread "jar transforms Thread 134" [_thread_blocked, id=3372, stack(0x0000000024120000,0x0000000024220000)]
  0x000000002bc52800 JavaThread "jar transforms Thread 133" [_thread_blocked, id=14308, stack(0x0000000024020000,0x0000000024120000)]
  0x000000002bc51800 JavaThread "jar transforms Thread 132" [_thread_blocked, id=6984, stack(0x0000000023f20000,0x0000000024020000)]
  0x000000002bc51000 JavaThread "jar transforms Thread 131" [_thread_blocked, id=236, stack(0x0000000023e20000,0x0000000023f20000)]
  0x000000002bc50000 JavaThread "jar transforms Thread 130" [_thread_blocked, id=8824, stack(0x0000000023d20000,0x0000000023e20000)]
  0x000000002bc4f800 JavaThread "jar transforms Thread 129" [_thread_blocked, id=4792, stack(0x0000000023c20000,0x0000000023d20000)]
  0x000000002bc48000 JavaThread "jar transforms Thread 128" [_thread_blocked, id=7932, stack(0x0000000023b20000,0x0000000023c20000)]
  0x000000002bc4e000 JavaThread "jar transforms Thread 127" [_thread_blocked, id=12384, stack(0x0000000023a20000,0x0000000023b20000)]
  0x000000002bc4d000 JavaThread "jar transforms Thread 126" [_thread_blocked, id=7288, stack(0x0000000023920000,0x0000000023a20000)]
  0x000000002bc4b800 JavaThread "jar transforms Thread 125" [_thread_blocked, id=12528, stack(0x0000000023820000,0x0000000023920000)]
  0x000000002bc4b000 JavaThread "jar transforms Thread 124" [_thread_blocked, id=4436, stack(0x0000000023720000,0x0000000023820000)]
  0x000000002bc4a000 JavaThread "jar transforms Thread 123" [_thread_blocked, id=3124, stack(0x0000000023620000,0x0000000023720000)]
  0x000000002bc49800 JavaThread "jar transforms Thread 122" [_thread_blocked, id=10628, stack(0x0000000023520000,0x0000000023620000)]
  0x000000002bc4e800 JavaThread "jar transforms Thread 121" [_thread_blocked, id=7244, stack(0x0000000023420000,0x0000000023520000)]
  0x000000002bc4c800 JavaThread "jar transforms Thread 120" [_thread_blocked, id=14668, stack(0x0000000023320000,0x0000000023420000)]
  0x000000002bc42800 JavaThread "jar transforms Thread 119" [_thread_blocked, id=9232, stack(0x0000000023220000,0x0000000023320000)]
  0x000000002bc42000 JavaThread "jar transforms Thread 118" [_thread_blocked, id=10568, stack(0x0000000023120000,0x0000000023220000)]
  0x000000002bc45800 JavaThread "jar transforms Thread 117" [_thread_blocked, id=8120, stack(0x0000000023020000,0x0000000023120000)]
  0x000000002bc47000 JavaThread "jar transforms Thread 116" [_thread_blocked, id=872, stack(0x0000000022f20000,0x0000000023020000)]
  0x000000002bc48800 JavaThread "jar transforms Thread 115" [_thread_blocked, id=4760, stack(0x0000000022e20000,0x0000000022f20000)]
  0x000000002bc46800 JavaThread "jar transforms Thread 114" [_thread_blocked, id=9720, stack(0x0000000022d20000,0x0000000022e20000)]
  0x000000002bc40800 JavaThread "jar transforms Thread 113" [_thread_blocked, id=2008, stack(0x0000000022c20000,0x0000000022d20000)]
  0x000000002bc41000 JavaThread "jar transforms Thread 112" [_thread_blocked, id=1016, stack(0x0000000022b20000,0x0000000022c20000)]
  0x000000002bc3f800 JavaThread "Build operations Thread 4" [_thread_blocked, id=14740, stack(0x0000000022a20000,0x0000000022b20000)]
  0x000000002bc44000 JavaThread "Build operations Thread 3" [_thread_blocked, id=8312, stack(0x0000000022920000,0x0000000022a20000)]
  0x000000002bc43800 JavaThread "Build operations Thread 2" [_thread_blocked, id=10084, stack(0x0000000022820000,0x0000000022920000)]
  0x000000002bc45000 JavaThread "Build operations" [_thread_blocked, id=9944, stack(0x0000000022020000,0x0000000022120000)]
  0x000000002bc38000 JavaThread "jar transforms Thread 111" [_thread_blocked, id=10600, stack(0x0000000021820000,0x0000000021920000)]
  0x000000002bc3f000 JavaThread "Cache worker for cache directory md-rule (C:\Users\izzud\.gradle\caches\6.5\md-rule)" [_thread_blocked, id=13952, stack(0x0000000021720000,0x0000000021820000)]
  0x000000002bc37000 JavaThread "Cache worker for cache directory md-supplier (C:\Users\izzud\.gradle\caches\6.5\md-supplier)" [_thread_blocked, id=11036, stack(0x00000000203c0000,0x00000000204c0000)]
  0x000000002bc38800 JavaThread "Cache worker for checksums cache (C:\Users\izzud\AndroidStudioProjects\LekDarjoApp\.gradle\checksums)" [_thread_blocked, id=14496, stack(0x00000000202c0000,0x00000000203c0000)]
  0x000000002bc3a000 JavaThread "Cache worker for file hash cache (C:\Users\izzud\AndroidStudioProjects\LekDarjoApp\.gradle\6.5\fileHashes)" [_thread_blocked, id=4552, stack(0x000000001d820000,0x000000001d920000)]
  0x000000002bc3e000 JavaThread "Thread-254" [_thread_blocked, id=7580, stack(0x000000001d720000,0x000000001d820000)]
  0x000000002bc3d000 JavaThread "Stdin handler" [_thread_blocked, id=8036, stack(0x000000001d620000,0x000000001d720000)]
  0x000000002bc3c800 JavaThread "Asynchronous log dispatcher for DefaultDaemonConnection: socket connection from /127.0.0.1:53609 to /127.0.0.1:54704" [_thread_blocked, id=6076, stack(0x000000001d520000,0x000000001d620000)]
  0x000000002bc3b800 JavaThread "Daemon worker Thread 2" [_thread_blocked, id=15316, stack(0x000000001d220000,0x000000001d320000)]
  0x000000002bc36800 JavaThread "Cancel handler" [_thread_blocked, id=9748, stack(0x0000000001540000,0x0000000001640000)]
  0x000000002bc3b000 JavaThread "Handler for socket connection from /127.0.0.1:53609 to /127.0.0.1:54704" [_thread_in_native, id=8504, stack(0x0000000001440000,0x0000000001540000)]
  0x000000002bc35000 JavaThread "Daemon Thread 2" [_thread_blocked, id=8304, stack(0x0000000001340000,0x0000000001440000)]
  0x000000001f0b6800 JavaThread "Cache worker for Java compile cache (C:\Users\izzud\.gradle\caches\6.5\javaCompile)" [_thread_blocked, id=10508, stack(0x000000002e570000,0x000000002e670000)]
  0x0000000020d5f800 JavaThread "MarlinRenderer Disposer" daemon [_thread_blocked, id=5476, stack(0x000000002d890000,0x000000002d990000)]
  0x0000000020d66800 JavaThread "Java2D Disposer" daemon [_thread_blocked, id=10280, stack(0x000000002d790000,0x000000002d890000)]
  0x0000000020774800 JavaThread "Memory manager" [_thread_blocked, id=10524, stack(0x000000002b100000,0x000000002b200000)]
  0x000000001ba20800 JavaThread "Cache worker for file content cache (C:\Users\izzud\.gradle\caches\6.5\fileContent)" [_thread_blocked, id=11700, stack(0x0000000022120000,0x0000000022220000)]
  0x000000001ba1d000 JavaThread "Cache worker for execution history cache (C:\Users\izzud\.gradle\caches\6.5\executionHistory)" [_thread_blocked, id=3080, stack(0x0000000021920000,0x0000000021a20000)]
  0x000000001ba1b800 JavaThread "Cache worker for file hash cache (C:\Users\izzud\.gradle\caches\6.5\fileHashes)" [_thread_blocked, id=2616, stack(0x000000001de20000,0x000000001df20000)]
  0x000000001ba1d800 JavaThread "File lock request listener" [_thread_in_native, id=6720, stack(0x000000001dd20000,0x000000001de20000)]
  0x0000000019f51800 JavaThread "Cache worker for journal cache (C:\Users\izzud\.gradle\caches\journal-1)" [_thread_blocked, id=9504, stack(0x000000001db20000,0x000000001dc20000)]
  0x000000001b857000 JavaThread "Daemon periodic checks" [_thread_blocked, id=13636, stack(0x000000001cf20000,0x000000001d020000)]
  0x000000001b7bf000 JavaThread "Incoming local TCP Connector on port 53609" [_thread_in_native, id=14780, stack(0x000000001cce0000,0x000000001cde0000)]
  0x000000001b705800 JavaThread "Daemon health stats" [_thread_blocked, id=7000, stack(0x000000001c6a0000,0x000000001c7a0000)]
  0x0000000017dfd800 JavaThread "Service Thread" daemon [_thread_blocked, id=2644, stack(0x0000000019b00000,0x0000000019c00000)]
  0x0000000017dbc000 JavaThread "C1 CompilerThread2" daemon [_thread_blocked, id=15152, stack(0x0000000019600000,0x0000000019700000)]
  0x0000000017dad000 JavaThread "C2 CompilerThread1" daemon [_thread_in_native, id=10804, stack(0x0000000019500000,0x0000000019600000)]
=>0x0000000017da4800 JavaThread "C2 CompilerThread0" daemon [_thread_in_native, id=13732, stack(0x0000000019400000,0x0000000019500000)]
  0x0000000017da2000 JavaThread "Attach Listener" daemon [_thread_blocked, id=12580, stack(0x0000000019300000,0x0000000019400000)]
  0x0000000017da9000 JavaThread "Signal Dispatcher" daemon [_thread_blocked, id=15156, stack(0x0000000019200000,0x0000000019300000)]
  0x000000000317c800 JavaThread "Finalizer" daemon [_thread_blocked, id=13552, stack(0x0000000019000000,0x0000000019100000)]
  0x0000000017d89000 JavaThread "Reference Handler" daemon [_thread_blocked, id=12312, stack(0x0000000018f00000,0x0000000019000000)]
  0x0000000003082800 JavaThread "main" [_thread_blocked, id=9968, stack(0x0000000002ea0000,0x0000000002fa0000)]

Other Threads:
  0x0000000017d65800 VMThread [stack: 0x0000000018e00000,0x0000000018f00000] [id=10040]
  0x0000000017dfe000 WatcherThread [stack: 0x0000000019c00000,0x0000000019d00000] [id=13228]

VM state:not at safepoint (normal execution)

VM Mutex/Monitor currently owned by a thread: None

heap address: 0x0000000080000000, size: 2048 MB, Compressed Oops mode: 32-bit
Narrow klass base: 0x0000000000000000, Narrow klass shift: 3
Compressed class space size: 1073741824 Address: 0x0000000100000000

Heap:
 PSYoungGen      total 537088K, used 97284K [0x00000000d5580000, 0x00000000fe000000, 0x0000000100000000)
  eden space 408064K, 9% used [0x00000000d5580000,0x00000000d797eb80,0x00000000ee400000)
  from space 129024K, 46% used [0x00000000ee400000,0x00000000f1f20c50,0x00000000f6200000)
  to   space 110592K, 0% used [0x00000000f7400000,0x00000000f7400000,0x00000000fe000000)
 ParOldGen       total 450560K, used 165928K [0x0000000080000000, 0x000000009b800000, 0x00000000d5580000)
  object space 450560K, 36% used [0x0000000080000000,0x000000008a20a0e0,0x000000009b800000)
 Metaspace       used 106666K, capacity 112780K, committed 113576K, reserved 1148928K
  class space    used 13612K, capacity 14690K, committed 15024K, reserved 1048576K

Card table byte_map: [0x0000000012540000,0x0000000012950000] byte_map_base: 0x0000000012140000

Marking Bits: (ParMarkBitMap*) 0x0000000073b4f030
 Begin Bits: [0x0000000013000000, 0x0000000015000000)
 End Bits:   [0x0000000015000000, 0x0000000017000000)

Polling page: 0x0000000001670000

CodeCache: size=245760Kb used=65263Kb max_used=65320Kb free=180496Kb
 bounds [0x0000000003180000, 0x00000000071c0000, 0x0000000012180000]
 total_blobs=20136 nmethods=19133 adapters=914
 compilation: enabled

Compilation events (10 events):
Event: 1200.757 Thread 0x0000000017dbc000 nmethod 24227 0x00000000033ab710 code [0x00000000033ab880, 0x00000000033abb18]
Event: 1200.759 Thread 0x0000000017dbc000 24228       2       com.android.tools.r8.code.I3::<init> (7 bytes)
Event: 1200.759 Thread 0x0000000017dbc000 nmethod 24228 0x000000000369c0d0 code [0x000000000369c220, 0x000000000369c3d0]
Event: 1200.762 Thread 0x0000000017dbc000 24229       2       com.android.tools.r8.graph.p::a (8 bytes)
Event: 1200.763 Thread 0x0000000017dbc000 nmethod 24229 0x000000000341aa10 code [0x000000000341ab60, 0x000000000341ad30]
Event: 1200.764 Thread 0x0000000017dbc000 24230       2       com.android.tools.r8.graph.p$$Lambda$886/637718388::get$Lambda (10 bytes)
Event: 1200.765 Thread 0x0000000017dbc000 nmethod 24230 0x00000000032a1c90 code [0x00000000032a1de0, 0x00000000032a1f90]
Event: 1200.766 Thread 0x0000000017dbc000 24231       2       com.android.tools.r8.graph.p$$Lambda$886/637718388::<init> (15 bytes)
Event: 1200.766 Thread 0x0000000017dbc000 nmethod 24231 0x00000000040d3190 code [0x00000000040d32e0, 0x00000000040d3450]
Event: 1200.807 Thread 0x0000000017dbc000 24232 %     3       com.android.tools.r8.dex.n::a @ 216 (870 bytes)

GC Heap History (10 events):
Event: 103.252 GC heap before
{Heap before GC invocations=28 (full 4):
 PSYoungGen      total 365056K, used 365055K [0x00000000d5580000, 0x00000000f4680000, 0x0000000100000000)
  eden space 329216K, 100% used [0x00000000d5580000,0x00000000e9700000,0x00000000e9700000)
  from space 35840K, 99% used [0x00000000e9700000,0x00000000eb9fffe0,0x00000000eba00000)
  to   space 63488K, 0% used [0x00000000f0880000,0x00000000f0880000,0x00000000f4680000)
 ParOldGen       total 272896K, used 134869K [0x0000000080000000, 0x0000000090a80000, 0x00000000d5580000)
  object space 272896K, 49% used [0x0000000080000000,0x00000000883b5628,0x0000000090a80000)
 Metaspace       used 102547K, capacity 108072K, committed 108328K, reserved 1142784K
  class space    used 13223K, capacity 14327K, committed 14384K, reserved 1048576K
Event: 103.435 GC heap after
Heap after GC invocations=28 (full 4):
 PSYoungGen      total 416256K, used 63480K [0x00000000d5580000, 0x00000000f9980000, 0x0000000100000000)
  eden space 352768K, 0% used [0x00000000d5580000,0x00000000d5580000,0x00000000eae00000)
  from space 63488K, 99% used [0x00000000f0880000,0x00000000f467e308,0x00000000f4680000)
  to   space 92672K, 0% used [0x00000000eae00000,0x00000000eae00000,0x00000000f0880000)
 ParOldGen       total 272896K, used 186927K [0x0000000080000000, 0x0000000090a80000, 0x00000000d5580000)
  object space 272896K, 68% used [0x0000000080000000,0x000000008b68bf28,0x0000000090a80000)
 Metaspace       used 102547K, capacity 108072K, committed 108328K, reserved 1142784K
  class space    used 13223K, capacity 14327K, committed 14384K, reserved 1048576K
}
Event: 105.946 GC heap before
{Heap before GC invocations=29 (full 4):
 PSYoungGen      total 416256K, used 416248K [0x00000000d5580000, 0x00000000f9980000, 0x0000000100000000)
  eden space 352768K, 100% used [0x00000000d5580000,0x00000000eae00000,0x00000000eae00000)
  from space 63488K, 99% used [0x00000000f0880000,0x00000000f467e308,0x00000000f4680000)
  to   space 92672K, 0% used [0x00000000eae00000,0x00000000eae00000,0x00000000f0880000)
 ParOldGen       total 272896K, used 186927K [0x0000000080000000, 0x0000000090a80000, 0x00000000d5580000)
  object space 272896K, 68% used [0x0000000080000000,0x000000008b68bf28,0x0000000090a80000)
 Metaspace       used 104956K, capacity 110994K, committed 111272K, reserved 1146880K
  class space    used 13543K, capacity 14682K, committed 14768K, reserved 1048576K
Event: 106.227 GC heap after
Heap after GC invocations=29 (full 4):
 PSYoungGen      total 445440K, used 92666K [0x00000000d5580000, 0x00000000ff680000, 0x0000000100000000)
  eden space 352768K, 0% used [0x00000000d5580000,0x00000000d5580000,0x00000000eae00000)
  from space 92672K, 99% used [0x00000000eae00000,0x00000000f087eb88,0x00000000f0880000)
  to   space 133632K, 0% used [0x00000000f7400000,0x00000000f7400000,0x00000000ff680000)
 ParOldGen       total 272896K, used 257006K [0x0000000080000000, 0x0000000090a80000, 0x00000000d5580000)
  object space 272896K, 94% used [0x0000000080000000,0x000000008fafb940,0x0000000090a80000)
 Metaspace       used 104956K, capacity 110994K, committed 111272K, reserved 1146880K
  class space    used 13543K, capacity 14682K, committed 14768K, reserved 1048576K
}
Event: 106.227 GC heap before
{Heap before GC invocations=30 (full 5):
 PSYoungGen      total 445440K, used 92666K [0x00000000d5580000, 0x00000000ff680000, 0x0000000100000000)
  eden space 352768K, 0% used [0x00000000d5580000,0x00000000d5580000,0x00000000eae00000)
  from space 92672K, 99% used [0x00000000eae00000,0x00000000f087eb88,0x00000000f0880000)
  to   space 133632K, 0% used [0x00000000f7400000,0x00000000f7400000,0x00000000ff680000)
 ParOldGen       total 272896K, used 257006K [0x0000000080000000, 0x0000000090a80000, 0x00000000d5580000)
  object space 272896K, 94% used [0x0000000080000000,0x000000008fafb940,0x0000000090a80000)
 Metaspace       used 104956K, capacity 110994K, committed 111272K, reserved 1146880K
  class space    used 13543K, capacity 14682K, committed 14768K, reserved 1048576K
Event: 106.986 GC heap after
Heap after GC invocations=30 (full 5):
 PSYoungGen      total 445440K, used 0K [0x00000000d5580000, 0x00000000ff680000, 0x0000000100000000)
  eden space 352768K, 0% used [0x00000000d5580000,0x00000000d5580000,0x00000000eae00000)
  from space 92672K, 0% used [0x00000000eae00000,0x00000000eae00000,0x00000000f0880000)
  to   space 133632K, 0% used [0x00000000f7400000,0x00000000f7400000,0x00000000ff680000)
 ParOldGen       total 450560K, used 165912K [0x0000000080000000, 0x000000009b800000, 0x00000000d5580000)
  object space 450560K, 36% used [0x0000000080000000,0x000000008a2060e0,0x000000009b800000)
 Metaspace       used 104502K, capacity 110136K, committed 111272K, reserved 1146880K
  class space    used 13372K, capacity 14369K, committed 14768K, reserved 1048576K
}
Event: 110.374 GC heap before
{Heap before GC invocations=31 (full 5):
 PSYoungGen      total 445440K, used 352088K [0x00000000d5580000, 0x00000000ff680000, 0x0000000100000000)
  eden space 352768K, 99% used [0x00000000d5580000,0x00000000ead56200,0x00000000eae00000)
  from space 92672K, 0% used [0x00000000eae00000,0x00000000eae00000,0x00000000f0880000)
  to   space 133632K, 0% used [0x00000000f7400000,0x00000000f7400000,0x00000000ff680000)
 ParOldGen       total 450560K, used 165912K [0x0000000080000000, 0x000000009b800000, 0x00000000d5580000)
  object space 450560K, 36% used [0x0000000080000000,0x000000008a2060e0,0x000000009b800000)
 Metaspace       used 105819K, capacity 111558K, committed 112424K, reserved 1146880K
  class space    used 13519K, capacity 14554K, committed 14896K, reserved 1048576K
Event: 110.413 GC heap after
Heap after GC invocations=31 (full 5):
 PSYoungGen      total 518656K, used 26123K [0x00000000d5580000, 0x00000000fe000000, 0x0000000100000000)
  eden space 408064K, 0% used [0x00000000d5580000,0x00000000d5580000,0x00000000ee400000)
  from space 110592K, 23% used [0x00000000f7400000,0x00000000f8d82db0,0x00000000fe000000)
  to   space 129024K, 0% used [0x00000000ee400000,0x00000000ee400000,0x00000000f6200000)
 ParOldGen       total 450560K, used 165920K [0x0000000080000000, 0x000000009b800000, 0x00000000d5580000)
  object space 450560K, 36% used [0x0000000080000000,0x000000008a2080e0,0x000000009b800000)
 Metaspace       used 105819K, capacity 111558K, committed 112424K, reserved 1146880K
  class space    used 13519K, capacity 14554K, committed 14896K, reserved 1048576K
}
Event: 1200.318 GC heap before
{Heap before GC invocations=32 (full 5):
 PSYoungGen      total 518656K, used 434187K [0x00000000d5580000, 0x00000000fe000000, 0x0000000100000000)
  eden space 408064K, 100% used [0x00000000d5580000,0x00000000ee400000,0x00000000ee400000)
  from space 110592K, 23% used [0x00000000f7400000,0x00000000f8d82db0,0x00000000fe000000)
  to   space 129024K, 0% used [0x00000000ee400000,0x00000000ee400000,0x00000000f6200000)
 ParOldGen       total 450560K, used 165920K [0x0000000080000000, 0x000000009b800000, 0x00000000d5580000)
  object space 450560K, 36% used [0x0000000080000000,0x000000008a2080e0,0x000000009b800000)
 Metaspace       used 106664K, capacity 112780K, committed 113576K, reserved 1148928K
  class space    used 13612K, capacity 14690K, committed 15024K, reserved 1048576K
Event: 1200.368 GC heap after
Heap after GC invocations=32 (full 5):
 PSYoungGen      total 537088K, used 60547K [0x00000000d5580000, 0x00000000fe000000, 0x0000000100000000)
  eden space 408064K, 0% used [0x00000000d5580000,0x00000000d5580000,0x00000000ee400000)
  from space 129024K, 46% used [0x00000000ee400000,0x00000000f1f20c50,0x00000000f6200000)
  to   space 110592K, 0% used [0x00000000f7400000,0x00000000f7400000,0x00000000fe000000)
 ParOldGen       total 450560K, used 165928K [0x0000000080000000, 0x000000009b800000, 0x00000000d5580000)
  object space 450560K, 36% used [0x0000000080000000,0x000000008a20a0e0,0x000000009b800000)
 Metaspace       used 106664K, capacity 112780K, committed 113576K, reserved 1148928K
  class space    used 13612K, capacity 14690K, committed 15024K, reserved 1048576K
}

Deoptimization events (10 events):
Event: 1199.610 Thread 0x000000001f867800 Uncommon trap: reason=class_check action=maybe_recompile pc=0x0000000004132678 method=com.google.common.collect.CompactHashMap$Itr.<init>(Lcom/google/common/collect/CompactHashMap;)V @ 25
Event: 1199.610 Thread 0x000000001f867800 Uncommon trap: reason=class_check action=maybe_recompile pc=0x0000000003ca0794 method=com.google.common.collect.CompactHashMap$Itr.next()Ljava/lang/Object; @ 45
Event: 1199.610 Thread 0x000000001f867800 Uncommon trap: reason=class_check action=maybe_recompile pc=0x0000000003ca0794 method=com.google.common.collect.CompactHashMap$Itr.next()Ljava/lang/Object; @ 45
Event: 1199.611 Thread 0x000000001f867800 Uncommon trap: reason=class_check action=maybe_recompile pc=0x0000000004132678 method=com.google.common.collect.CompactHashMap$Itr.<init>(Lcom/google/common/collect/CompactHashMap;)V @ 25
Event: 1199.611 Thread 0x000000001f867800 Uncommon trap: reason=class_check action=maybe_recompile pc=0x0000000003ca0794 method=com.google.common.collect.CompactHashMap$Itr.next()Ljava/lang/Object; @ 45
Event: 1199.877 Thread 0x000000002bc3b800 Uncommon trap: reason=unstable_if action=reinterpret pc=0x0000000003685cf0 method=org.gradle.internal.snapshot.impl.AbstractScalarValueSnapshot.equals(Ljava/lang/Object;)Z @ 19
Event: 1200.492 Thread 0x000000001f873800 Uncommon trap: reason=class_check action=maybe_recompile pc=0x0000000007170010 method=com.android.tools.r8.dex.n.a(ILjava/util/function/Supplier;)Ljava/lang/Object; @ 33
Event: 1200.492 Thread 0x000000001f873800 Uncommon trap: reason=class_check action=maybe_recompile pc=0x0000000007170010 method=com.android.tools.r8.dex.n.a(ILjava/util/function/Supplier;)Ljava/lang/Object; @ 33
Event: 1200.492 Thread 0x000000001f873800 Uncommon trap: reason=class_check action=maybe_recompile pc=0x0000000007170010 method=com.android.tools.r8.dex.n.a(ILjava/util/function/Supplier;)Ljava/lang/Object; @ 33
Event: 1200.492 Thread 0x000000001f873800 Uncommon trap: reason=class_check action=maybe_recompile pc=0x0000000007170010 method=com.android.tools.r8.dex.n.a(ILjava/util/function/Supplier;)Ljava/lang/Object; @ 33

Classes redefined (0 events):
No events

Internal exceptions (10 events):
Event: 1195.983 Thread 0x000000002bc3b800 Exception <a 'java/lang/ClassNotFoundException': build_4x5d57po9l0bv1shbz27w96u2$_run_closure1BeanInfo> (0x00000000dadbb7d8) thrown at [C:\src\AOSP-openjdk-git\hotspot\src\share\vm\classfile\systemDictionary.cpp, line 210]
Event: 1195.984 Thread 0x000000002bc3b800 Exception <a 'java/lang/ClassNotFoundException': build_4x5d57po9l0bv1shbz27w96u2$_run_closure1Customizer> (0x00000000dadce208) thrown at [C:\src\AOSP-openjdk-git\hotspot\src\share\vm\classfile\systemDictionary.cpp, line 210]
Event: 1196.056 Thread 0x000000002bc3b800 Exception <a 'sun/nio/fs/WindowsException'> (0x00000000db27ca98) thrown at [C:\src\AOSP-openjdk-git\hotspot\src\share\vm\prims\jni.cpp, line 710]
Event: 1197.031 Thread 0x000000001f867800 Implicit null exception at 0x0000000003f9b01e to 0x0000000003f9b1a1
Event: 1197.033 Thread 0x000000001f867800 Implicit null exception at 0x000000000571e738 to 0x000000000571fcdd
Event: 1197.117 Thread 0x000000001f867800 Implicit null exception at 0x0000000006f68422 to 0x0000000006f68b01
Event: 1198.100 Thread 0x000000001f867800 Implicit null exception at 0x0000000004dae9ab to 0x0000000004daed51
Event: 1198.100 Thread 0x000000001f867800 Implicit null exception at 0x0000000004b95fb1 to 0x0000000004b963ed
Event: 1198.738 Thread 0x000000002bc3b800 Exception <a 'java/lang/NoSuchMethodError': java.lang.Object.lambda$comparingByKey$bbdbfea9$1(Ljava/util/Map$Entry;Ljava/util/Map$Entry;)I> (0x00000000e375a100) thrown at [C:\src\AOSP-openjdk-git\hotspot\src\share\vm\interpreter\linkResolver.cpp, line 620
Event: 1199.945 Thread 0x000000001f86c000 Exception <a 'sun/nio/fs/WindowsException'> (0x00000000ea28dc58) thrown at [C:\src\AOSP-openjdk-git\hotspot\src\share\vm\prims\jni.cpp, line 710]

Events (10 events):
Event: 1200.768 Thread 0x0000000017dbc000 flushing nmethod 0x0000000004494710
Event: 1200.768 Thread 0x0000000017dbc000 flushing nmethod 0x000000000449bad0
Event: 1200.771 Thread 0x000000001f875800 DEOPT PACKING pc=0x0000000006b57130 sp=0x000000002efee5b0
Event: 1200.771 Thread 0x000000001f875800 DEOPT UNPACKING pc=0x00000000031c75d0 sp=0x000000002efeea98 mode 0
Event: 1200.775 Thread 0x000000001f874000 DEOPT PACKING pc=0x0000000006b57130 sp=0x000000001ccde220
Event: 1200.775 Thread 0x000000001f874000 DEOPT UNPACKING pc=0x00000000031c75d0 sp=0x000000001ccde708 mode 0
Event: 1200.786 Thread 0x000000001f875800 DEOPT PACKING pc=0x0000000006b57130 sp=0x000000002efee5b0
Event: 1200.786 Thread 0x000000001f875800 DEOPT UNPACKING pc=0x00000000031c75d0 sp=0x000000002efeea98 mode 0
Event: 1200.798 Thread 0x000000001f875800 DEOPT PACKING pc=0x0000000006b57130 sp=0x000000002efee5b0
Event: 1200.798 Thread 0x000000001f875800 DEOPT UNPACKING pc=0x00000000031c75d0 sp=0x000000002efeea98 mode 0


Dynamic libraries:
0x00007ff6a6200000 - 0x00007ff6a6231000 	C:\Program Files\Android\Android Studio\jre\bin\java.exe
0x00007ffd5d540000 - 0x00007ffd5d730000 	C:\Windows\SYSTEM32\ntdll.dll
0x00007ffd5b700000 - 0x00007ffd5b7b2000 	C:\Windows\System32\KERNEL32.DLL
0x00007ffd5a770000 - 0x00007ffd5aa15000 	C:\Windows\System32\KERNELBASE.dll
0x00007ffd5c4f0000 - 0x00007ffd5c593000 	C:\Windows\System32\ADVAPI32.dll
0x00007ffd5cf70000 - 0x00007ffd5d00e000 	C:\Windows\System32\msvcrt.dll
0x00007ffd5c880000 - 0x00007ffd5c917000 	C:\Windows\System32\sechost.dll
0x00007ffd5c920000 - 0x00007ffd5ca40000 	C:\Windows\System32\RPCRT4.dll
0x00007ffd5c6e0000 - 0x00007ffd5c874000 	C:\Windows\System32\USER32.dll
0x00007ffd5aa20000 - 0x00007ffd5aa41000 	C:\Windows\System32\win32u.dll
0x00007ffd5c4c0000 - 0x00007ffd5c4e6000 	C:\Windows\System32\GDI32.dll
0x00007ffd5a4f0000 - 0x00007ffd5a686000 	C:\Windows\System32\gdi32full.dll
0x00007ffd5b2b0000 - 0x00007ffd5b34e000 	C:\Windows\System32\msvcp_win.dll
0x00007ffd5b3a0000 - 0x00007ffd5b49a000 	C:\Windows\System32\ucrtbase.dll
0x00007ffd488a0000 - 0x00007ffd48b24000 	C:\Windows\WinSxS\amd64_microsoft.windows.common-controls_6595b64144ccf1df_6.0.18362.1198_none_9e820b57e45ad92f\COMCTL32.dll
0x00007ffd5c070000 - 0x00007ffd5c3a5000 	C:\Windows\System32\combase.dll
0x00007ffd5a6f0000 - 0x00007ffd5a770000 	C:\Windows\System32\bcryptPrimitives.dll
0x00007ffd5ccc0000 - 0x00007ffd5ccee000 	C:\Windows\System32\IMM32.DLL
0x0000000073100000 - 0x00000000731d2000 	C:\Program Files\Android\Android Studio\jre\jre\bin\msvcr100.dll
0x0000000073380000 - 0x0000000073bcb000 	C:\Program Files\Android\Android Studio\jre\jre\bin\server\jvm.dll
0x00007ffd5ccf0000 - 0x00007ffd5ccf8000 	C:\Windows\System32\PSAPI.DLL
0x00007ffd53f30000 - 0x00007ffd53f3a000 	C:\Windows\SYSTEM32\VERSION.dll
0x00007ffd580d0000 - 0x00007ffd580f4000 	C:\Windows\SYSTEM32\WINMM.dll
0x00007ffd58e50000 - 0x00007ffd58e59000 	C:\Windows\SYSTEM32\WSOCK32.dll
0x00007ffd5c670000 - 0x00007ffd5c6df000 	C:\Windows\System32\WS2_32.dll
0x00007ffd58070000 - 0x00007ffd5809d000 	C:\Windows\SYSTEM32\WINMMBASE.dll
0x00007ffd5b350000 - 0x00007ffd5b39a000 	C:\Windows\System32\cfgmgr32.dll
0x00007ffd567f0000 - 0x00007ffd567ff000 	C:\Program Files\Android\Android Studio\jre\jre\bin\verify.dll
0x00007ffd4d820000 - 0x00007ffd4d849000 	C:\Program Files\Android\Android Studio\jre\jre\bin\java.dll
0x00007ffd54cd0000 - 0x00007ffd54ce6000 	C:\Program Files\Android\Android Studio\jre\jre\bin\zip.dll
0x00007ffd5b980000 - 0x00007ffd5c067000 	C:\Windows\System32\SHELL32.dll
0x00007ffd5b5f0000 - 0x00007ffd5b699000 	C:\Windows\System32\shcore.dll
0x00007ffd5ab00000 - 0x00007ffd5b281000 	C:\Windows\System32\windows.storage.dll
0x00007ffd5a470000 - 0x00007ffd5a493000 	C:\Windows\System32\profapi.dll
0x00007ffd5a420000 - 0x00007ffd5a46a000 	C:\Windows\System32\powrprof.dll
0x00007ffd5a3f0000 - 0x00007ffd5a400000 	C:\Windows\System32\UMPDC.dll
0x00007ffd5cd10000 - 0x00007ffd5cd62000 	C:\Windows\System32\shlwapi.dll
0x00007ffd5a4a0000 - 0x00007ffd5a4b1000 	C:\Windows\System32\kernel.appcore.dll
0x00007ffd5b290000 - 0x00007ffd5b2a7000 	C:\Windows\System32\cryptsp.dll
0x00007ffd471a0000 - 0x00007ffd471ba000 	C:\Program Files\Android\Android Studio\jre\jre\bin\net.dll
0x00007ffd59c40000 - 0x00007ffd59ca7000 	C:\Windows\system32\mswsock.dll
0x00007ffd47180000 - 0x00007ffd47193000 	C:\Program Files\Android\Android Studio\jre\jre\bin\nio.dll
0x00007ffd40f30000 - 0x00007ffd40f57000 	C:\Users\izzud\.gradle\native\f6784746aeab05261644944871eae4fe03e0ef1612fff0a4a95f87b438bc6780\windows-amd64\native-platform.dll
0x00007ffd567d0000 - 0x00007ffd567dd000 	C:\Program Files\Android\Android Studio\jre\jre\bin\management.dll
0x00007ffd59770000 - 0x00007ffd597a3000 	C:\Windows\system32\rsaenh.dll
0x00007ffd5a4c0000 - 0x00007ffd5a4e6000 	C:\Windows\System32\bcrypt.dll
0x00007ffd5a2d0000 - 0x00007ffd5a2f5000 	C:\Windows\SYSTEM32\USERENV.dll
0x00007ffd59e10000 - 0x00007ffd59e1c000 	C:\Windows\SYSTEM32\CRYPTBASE.dll
0x00007ffd59930000 - 0x00007ffd5996a000 	C:\Windows\SYSTEM32\IPHLPAPI.DLL
0x00007ffd5cd00000 - 0x00007ffd5cd08000 	C:\Windows\System32\NSI.dll
0x00007ffd4dd00000 - 0x00007ffd4dd16000 	C:\Windows\SYSTEM32\dhcpcsvc6.DLL
0x00007ffd4dce0000 - 0x00007ffd4dcfc000 	C:\Windows\SYSTEM32\dhcpcsvc.DLL
0x00007ffd59990000 - 0x00007ffd59a5b000 	C:\Windows\SYSTEM32\DNSAPI.dll
0x00007ffd4dd20000 - 0x00007ffd4dd2b000 	C:\Windows\SYSTEM32\WINNSI.DLL
0x00007ffd2cb40000 - 0x00007ffd2ccdc000 	C:\Program Files\Android\Android Studio\jre\jre\bin\awt.dll
0x00007ffd5c5a0000 - 0x00007ffd5c665000 	C:\Windows\System32\OLEAUT32.dll
0x00007ffd58710000 - 0x00007ffd5873d000 	C:\Windows\SYSTEM32\dwmapi.dll
0x00007ffd56a30000 - 0x00007ffd56ff0000 	C:\Windows\SYSTEM32\d2d1.dll
0x00007ffd57fe0000 - 0x00007ffd5806f000 	C:\Windows\SYSTEM32\apphelp.dll
0x00007ffd582e0000 - 0x00007ffd58379000 	C:\Windows\system32\uxtheme.dll

VM Arguments:
jvm_args: -Xmx2048m -Dfile.encoding=UTF-8 -Duser.country=US -Duser.language=en -Duser.variant 
java_command: org.gradle.launcher.daemon.bootstrap.GradleDaemon 6.5
java_class_path (initial): C:\Users\izzud\.gradle\wrapper\dists\gradle-6.5-all\2oz4ud9k3tuxjg84bbf55q0tn\gradle-6.5\lib\gradle-launcher-6.5.jar
Launcher Type: SUN_STANDARD

Environment Variables:
PATH=C:\Program Files\Common Files\Oracle\Java\javapath;C:\Program Files (x86)\Common Files\Oracle\Java\javapath;C:\Program Files (x86)\Intel\iCLS Client\;C:\Program Files\Intel\iCLS Client\;C:\Windows\system32;C:\Windows;C:\Windows\System32\Wbem;C:\Windows\System32\WindowsPowerShell\v1.0\;C:\Program Files (x86)\Intel\Intel(R) Management Engine Components\DAL;C:\Program Files\Intel\Intel(R) Management Engine Components\DAL;C:\Program Files (x86)\Intel\Intel(R) Management Engine Components\IPT;C:\Program Files\Intel\Intel(R) Management Engine Components\IPT;C:\xampp-7.3.4\php;C:\Windows\System32\OpenSSH\;C:\Program Files\Git\cmd;C:\Users\izzud\Anaconda3\;C:\ProgramData\chocolatey\bin;C:\Program Files (x86)\Microsoft SQL Server\150\DTS\Binn\;C:\Program Files\nodejs\;C:\Go\bin;C:\Program Files\Docker\Docker\resources\bin;C:\ProgramData\DockerDesktop\version-bin;C:\Users\izzud\AppData\Local\Microsoft\WindowsApps;C:\Users\izzud\AppData\Local\Programs\Microsoft VS Code\bin;C:\flutter\bin;C:\Users\izzud\Anaconda3\;C:\Users\izzud\Anaconda3\Scripts;C:\Program Files\PostgreSQL\11\bin;C:\Users\izzud\Anaconda3\Library\bin;C:\Program Files\Java\jdk1.8.0_231;C:\apache-maven-3.6.2\bin;C:\gradle-5.6.4\bin;C:\Program Files\Oracle\VirtualBox;C:\Program Files\JetBrains\PyCharm Community Edition 2020.2.2\bin;;C:\Users\izzud\AppData\Local\Packages\PythonSoftwareFoundation.Python.3.8_qbz5n2kfra8p0\LocalCache\local-packages\Python38\Scripts;C:\Users\izzud\AppData\Roaming\npm;C:\Users\izzud\go\bin;C:\Program Files\heroku\bin
USERNAME=izzud
OS=Windows_NT
PROCESSOR_IDENTIFIER=Intel64 Family 6 Model 142 Stepping 9, GenuineIntel



---------------  S Y S T E M  ---------------

OS: Windows 10.0 , 64 bit Build 18362 (10.0.18362.1110)

CPU:total 4 (initial active 4) (2 cores per cpu, 2 threads per core) family 6 model 142 stepping 9, cmov, cx8, fxsr, mmx, sse, sse2, sse3, ssse3, sse4.1, sse4.2, popcnt, avx, avx2, aes, clmul, erms, 3dnowpref, lzcnt, ht, tsc, tscinvbit, bmi1, bmi2, adx

Memory: 4k page, physical 12460564k(1650236k free), swap 12460564k(5344k free)

vm_info: OpenJDK 64-Bit Server VM (25.242-b01) for windows-amd64 JRE (1.8.0_242-release-1644-b01), built by "builder" with MS VC++ 10.0 (VS2010)

time: Mon Nov 30 04:48:10 2020
timezone: SE Asia Standard Time
elapsed time: 1200 seconds (0d 0h 20m 0s)

